action: GLOB, msg: packaging
cwd: C:\Users\Giri\Desktop\Docs\Data Science\ML Ops\Simple App
cmd: 'c:\users\giri\desktop\docs\data science\ml ops\simple app\simpleapp\scripts\python.exe' setup.py sdist --formats=zip --dist-dir 'C:\Users\Giri\Desktop\Docs\Data Science\ML Ops\Simple App\.tox\dist'
running sdist
running egg_info
writing my_package.egg-info\PKG-INFO
writing dependency_links to my_package.egg-info\dependency_links.txt
writing top-level names to my_package.egg-info\top_level.txt
reading manifest file 'my_package.egg-info\SOURCES.txt'
writing manifest file 'my_package.egg-info\SOURCES.txt'
running check
warning: check: missing required meta-data: url

warning: check: missing meta-data: if 'author' supplied, 'author_email' must be supplied too

creating my_package-0.0.1
creating my_package-0.0.1\my_package.egg-info
creating my_package-0.0.1\tests
copying files to my_package-0.0.1...
copying README.md -> my_package-0.0.1
copying setup.py -> my_package-0.0.1
copying my_package.egg-info\PKG-INFO -> my_package-0.0.1\my_package.egg-info
copying my_package.egg-info\SOURCES.txt -> my_package-0.0.1\my_package.egg-info
copying my_package.egg-info\dependency_links.txt -> my_package-0.0.1\my_package.egg-info
copying my_package.egg-info\top_level.txt -> my_package-0.0.1\my_package.egg-info
copying tests\__init__.py -> my_package-0.0.1\tests
copying tests\conftest.py -> my_package-0.0.1\tests
copying tests\test_config.py -> my_package-0.0.1\tests
Writing my_package-0.0.1\setup.cfg
creating C:\Users\Giri\Desktop\Docs\Data Science\ML Ops\Simple App\.tox\dist
creating 'C:\Users\Giri\Desktop\Docs\Data Science\ML Ops\Simple App\.tox\dist\my_package-0.0.1.zip' and adding 'my_package-0.0.1' to it
adding 'my_package-0.0.1\PKG-INFO'
adding 'my_package-0.0.1\README.md'
adding 'my_package-0.0.1\setup.cfg'
adding 'my_package-0.0.1\setup.py'
adding 'my_package-0.0.1\my_package.egg-info\dependency_links.txt'
adding 'my_package-0.0.1\my_package.egg-info\PKG-INFO'
adding 'my_package-0.0.1\my_package.egg-info\SOURCES.txt'
adding 'my_package-0.0.1\my_package.egg-info\top_level.txt'
adding 'my_package-0.0.1\tests\conftest.py'
adding 'my_package-0.0.1\tests\test_config.py'
adding 'my_package-0.0.1\tests\__init__.py'
removing 'my_package-0.0.1' (and everything under it)
