action: py36, msg: envreport
cwd: C:\Users\Giri\Desktop\Docs\Data Science\ML Ops\Simple App
cmd: 'C:\Users\Giri\Desktop\Docs\Data Science\ML Ops\Simple App\.tox\py36\Scripts\python.EXE' -m pip freeze
appdirs==1.4.4
atomicwrites==1.4.0
atpublic==2.3
attrs==21.2.0
backports.entry-points-selectable==1.1.0
cached-property==1.5.2
cachetools==4.2.2
certifi==2021.5.30
cffi==1.14.6
charset-normalizer==2.0.3
colorama==0.4.4
commonmark==0.9.1
configobj==5.0.6
cryptography==3.4.7
dataclasses==0.7
decorator==4.4.2
dictdiffer==0.9.0
diskcache==5.2.1
distlib==0.3.2
distro==1.5.0
dpath==2.0.1
dulwich==0.20.24
dvc==2.5.4
filelock==3.0.12
flake8==3.9.2
flatten-dict==0.4.1
flufl.lock==3.2
fsspec==2021.7.0
ftfy==6.0.3
funcy==1.16
future==0.18.2
gitdb==4.0.7
GitPython==3.1.18
google-api-core==1.31.1
google-api-python-client==2.15.0
google-auth==1.34.0
google-auth-httplib2==0.1.0
googleapis-common-protos==1.53.0
grandalf==0.6
httplib2==0.19.1
idna==3.2
importlib-metadata==4.6.1
importlib-resources==5.2.1
iniconfig==1.1.1
joblib==1.0.1
jsonpath-ng==1.5.3
mailchecker==4.0.11
mccabe==0.6.1
my-package @ file:///C:/Users/Giri/Desktop/Docs/Data%20Science/ML%20Ops/Simple%20App/.tox/.tmp/package/1/my_package-0.0.1.zip
nanotime==0.5.2
networkx==2.5.1
numpy==1.19.5
oauth2client==4.1.3
packaging==21.0
pandas==1.1.5
pathspec==0.9.0
phonenumbers==8.12.28
platformdirs==2.1.0
pluggy==0.13.1
ply==3.11
protobuf==3.17.3
psutil==5.8.0
py==1.10.0
pyasn1==0.4.8
pyasn1-modules==0.2.8
pycodestyle==2.7.0
pycparser==2.20
pydot==1.4.2
PyDrive2==1.8.3
pyflakes==2.3.1
pygit2==1.6.1
Pygments==2.9.0
pygtrie==2.4.2
pyOpenSSL==20.0.1
pyparsing==2.4.7
pytest==6.2.4
python-benedict==0.24.0
python-dateutil==2.8.2
python-fsutil==0.5.0
python-slugify==5.0.2
pytz==2021.1
pywin32==301
PyYAML==5.4.1
requests==2.26.0
rich==10.6.0
rsa==4.7.2
ruamel.yaml==0.17.10
ruamel.yaml.clib==0.2.6
scikit-learn==0.24.2
scipy==1.5.4
shortuuid==1.0.1
shtab==1.3.9
six==1.16.0
sklearn==0.0
smmap==4.0.0
speedcopy==2.1.0
tabulate==0.8.9
text-unidecode==1.3
threadpoolctl==2.2.0
toml==0.10.2
tox==3.24.0
tqdm==4.61.2
typing-extensions==3.10.0.0
uritemplate==3.0.1
urllib3==1.26.6
virtualenv==20.6.0
voluptuous==0.12.1
wcwidth==0.2.5
win-unicode-console==0.5
xmltodict==0.12.0
zc.lockfile==2.0
zipp==3.5.0
